block in append_cflags: checking for whether -std=c99 is accepted as CFLAGS... -------------------- yes

"x86_64-linux-gnu-gcc -o conftest -I/usr/include/x86_64-linux-gnu/ruby-3.0.0 -I/usr/include/ruby-3.0.0/ruby/backward -I/usr/include/ruby-3.0.0 -I. -Wdate-time -D_FORTIFY_SOURCE=2   -g -O2 -ffile-prefix-map=/build/ruby3.0-nmh0qa/ruby3.0-3.0.2=. -fstack-protector-strong -Wformat -Werror=format-security -fPIC conftest.c  -L. -L/usr/lib/x86_64-linux-gnu -L. -Wl,-Bsymbolic-functions -Wl,-z,relro -Wl,-z,now -fstack-protector-strong -rdynamic -Wl,-export-dynamic     -lruby-3.0  -lm   -lc"
checked program was:
/* begin */
1: #include "ruby.h"
2: 
3: int main(int argc, char **argv)
4: {
5:   return !!argv[argc];
6: }
/* end */

"x86_64-linux-gnu-gcc -I/usr/include/x86_64-linux-gnu/ruby-3.0.0 -I/usr/include/ruby-3.0.0/ruby/backward -I/usr/include/ruby-3.0.0 -I. -Wdate-time -D_FORTIFY_SOURCE=2   -g -O2 -ffile-prefix-map=/build/ruby3.0-nmh0qa/ruby3.0-3.0.2=. -fstack-protector-strong -Wformat -Werror=format-security -fPIC  -std=c99 -Werror -c conftest.c"
checked program was:
/* begin */
1: #include "ruby.h"
2: 
3: int main(int argc, char **argv)
4: {
5:   return !!argv[argc];
6: }
/* end */

--------------------

block in append_cflags: checking for whether -Wno-declaration-after-statement is accepted as CFLAGS... -------------------- yes

"x86_64-linux-gnu-gcc -I/usr/include/x86_64-linux-gnu/ruby-3.0.0 -I/usr/include/ruby-3.0.0/ruby/backward -I/usr/include/ruby-3.0.0 -I. -Wdate-time -D_FORTIFY_SOURCE=2   -g -O2 -ffile-prefix-map=/build/ruby3.0-nmh0qa/ruby3.0-3.0.2=. -fstack-protector-strong -Wformat -Werror=format-security -fPIC -std=c99  -Wno-declaration-after-statement -Werror -c conftest.c"
checked program was:
/* begin */
1: #include "ruby.h"
2: 
3: int main(int argc, char **argv)
4: {
5:   return !!argv[argc];
6: }
/* end */

--------------------

block in append_cflags: checking for whether -O2 is accepted as CFLAGS... -------------------- yes

"x86_64-linux-gnu-gcc -I/usr/include/x86_64-linux-gnu/ruby-3.0.0 -I/usr/include/ruby-3.0.0/ruby/backward -I/usr/include/ruby-3.0.0 -I. -Wdate-time -D_FORTIFY_SOURCE=2   -g -O2 -ffile-prefix-map=/build/ruby3.0-nmh0qa/ruby3.0-3.0.2=. -fstack-protector-strong -Wformat -Werror=format-security -fPIC -std=c99 -Wno-declaration-after-statement  -O2 -Werror -c conftest.c"
checked program was:
/* begin */
1: #include "ruby.h"
2: 
3: int main(int argc, char **argv)
4: {
5:   return !!argv[argc];
6: }
/* end */

--------------------

block in append_cflags: checking for whether -g is accepted as CFLAGS... -------------------- yes

"x86_64-linux-gnu-gcc -I/usr/include/x86_64-linux-gnu/ruby-3.0.0 -I/usr/include/ruby-3.0.0/ruby/backward -I/usr/include/ruby-3.0.0 -I. -Wdate-time -D_FORTIFY_SOURCE=2   -g -O2 -ffile-prefix-map=/build/ruby3.0-nmh0qa/ruby3.0-3.0.2=. -fstack-protector-strong -Wformat -Werror=format-security -fPIC -std=c99 -Wno-declaration-after-statement -O2  -g -Werror -c conftest.c"
checked program was:
/* begin */
1: #include "ruby.h"
2: 
3: int main(int argc, char **argv)
4: {
5:   return !!argv[argc];
6: }
/* end */

--------------------

block in append_cflags: checking for whether -Winline is accepted as CFLAGS... -------------------- yes

"x86_64-linux-gnu-gcc -I/usr/include/x86_64-linux-gnu/ruby-3.0.0 -I/usr/include/ruby-3.0.0/ruby/backward -I/usr/include/ruby-3.0.0 -I. -Wdate-time -D_FORTIFY_SOURCE=2   -g -O2 -ffile-prefix-map=/build/ruby3.0-nmh0qa/ruby3.0-3.0.2=. -fstack-protector-strong -Wformat -Werror=format-security -fPIC -std=c99 -Wno-declaration-after-statement -O2 -g  -Winline -Werror -c conftest.c"
checked program was:
/* begin */
1: #include "ruby.h"
2: 
3: int main(int argc, char **argv)
4: {
5:   return !!argv[argc];
6: }
/* end */

--------------------

block in append_cflags: checking for whether -Wmissing-noreturn is accepted as CFLAGS... -------------------- yes

"x86_64-linux-gnu-gcc -I/usr/include/x86_64-linux-gnu/ruby-3.0.0 -I/usr/include/ruby-3.0.0/ruby/backward -I/usr/include/ruby-3.0.0 -I. -Wdate-time -D_FORTIFY_SOURCE=2   -g -O2 -ffile-prefix-map=/build/ruby3.0-nmh0qa/ruby3.0-3.0.2=. -fstack-protector-strong -Wformat -Werror=format-security -fPIC -std=c99 -Wno-declaration-after-statement -O2 -g -Winline  -Wmissing-noreturn -Werror -c conftest.c"
checked program was:
/* begin */
1: #include "ruby.h"
2: 
3: int main(int argc, char **argv)
4: {
5:   return !!argv[argc];
6: }
/* end */

--------------------

block in append_cflags: checking for whether -Wconversion is accepted as CFLAGS... -------------------- no

"x86_64-linux-gnu-gcc -I/usr/include/x86_64-linux-gnu/ruby-3.0.0 -I/usr/include/ruby-3.0.0/ruby/backward -I/usr/include/ruby-3.0.0 -I. -Wdate-time -D_FORTIFY_SOURCE=2   -g -O2 -ffile-prefix-map=/build/ruby3.0-nmh0qa/ruby3.0-3.0.2=. -fstack-protector-strong -Wformat -Werror=format-security -fPIC -std=c99 -Wno-declaration-after-statement -O2 -g -Winline -Wmissing-noreturn  -Wconversion -Werror -c conftest.c"
In file included from /usr/include/ruby-3.0.0/ruby/internal/arithmetic/long.h:42,
                 from /usr/include/ruby-3.0.0/ruby/internal/arithmetic/int.h:26,
                 from /usr/include/ruby-3.0.0/ruby/internal/arithmetic/char.h:23,
                 from /usr/include/ruby-3.0.0/ruby/internal/arithmetic.h:23,
                 from /usr/include/ruby-3.0.0/ruby/ruby.h:25,
                 from /usr/include/ruby-3.0.0/ruby.h:38,
                 from conftest.c:1:
/usr/include/ruby-3.0.0/ruby/internal/special_consts.h: In function ‘RB_TEST’:
/usr/include/ruby-3.0.0/ruby/internal/special_consts.h:121:16: error: unsigned conversion from ‘int’ to ‘VALUE’ {aka ‘long unsigned int’} changes value from ‘-9’ to ‘18446744073709551607’ [-Werror=sign-conversion]
  121 |     return obj & ~RUBY_Qnil;
      |                ^
In file included from /usr/include/ruby-3.0.0/ruby/internal/arithmetic/int.h:26,
                 from /usr/include/ruby-3.0.0/ruby/internal/arithmetic/char.h:23,
                 from /usr/include/ruby-3.0.0/ruby/internal/arithmetic.h:23,
                 from /usr/include/ruby-3.0.0/ruby/ruby.h:25,
                 from /usr/include/ruby-3.0.0/ruby.h:38,
                 from conftest.c:1:
/usr/include/ruby-3.0.0/ruby/internal/arithmetic/long.h: In function ‘RB_INT2FIX’:
/usr/include/ruby-3.0.0/ruby/internal/arithmetic/long.h:88:29: error: conversion to ‘long unsigned int’ from ‘long int’ may change the sign of the result [-Werror=sign-conversion]
   88 |     const unsigned long j = i;
      |                             ^
/usr/include/ruby-3.0.0/ruby/internal/arithmetic/long.h:90:29: error: conversion to ‘long int’ from ‘long unsigned int’ may change the sign of the result [-Werror=sign-conversion]
   90 |     const long          l = k;
      |                             ^
/usr/include/ruby-3.0.0/ruby/internal/arithmetic/long.h:92:29: error: conversion to ‘VALUE’ {aka ‘const long unsigned int’} from ‘long int’ may change the sign of the result [-Werror=sign-conversion]
   92 |     const VALUE         n = m;
      |                             ^
/usr/include/ruby-3.0.0/ruby/internal/arithmetic/long.h: In function ‘rbimpl_fix2long_by_idiv’:
/usr/include/ruby-3.0.0/ruby/internal/arithmetic/long.h:123:28: error: conversion to ‘long int’ from ‘VALUE’ {aka ‘long unsigned int’} may change the sign of the result [-Werror=sign-conversion]
  123 |     const SIGNED_VALUE y = x - RUBY_FIXNUM_FLAG;
      |                            ^
/usr/include/ruby-3.0.0/ruby/internal/arithmetic/long.h: In function ‘rbimpl_fix2long_by_shift’:
/usr/include/ruby-3.0.0/ruby/internal/arithmetic/long.h:140:28: error: conversion to ‘long int’ from ‘VALUE’ {aka ‘long unsigned int’} may change the sign of the result [-Werror=sign-conversion]
  140 |     const SIGNED_VALUE y = x;
      |                            ^
/usr/include/ruby-3.0.0/ruby/internal/arithmetic/long.h: In function ‘rb_fix2ulong’:
/usr/include/ruby-3.0.0/ruby/internal/arithmetic/long.h:175:12: error: conversion to ‘long unsigned int’ from ‘long int’ may change the sign of the result [-Werror=sign-conversion]
  175 |     return rb_fix2long(x);
      |            ^~~~~~~~~~~~~~
/usr/include/ruby-3.0.0/ruby/internal/arithmetic/long.h: In function ‘rb_ulong2num_inline’:
/usr/include/ruby-3.0.0/ruby/internal/arithmetic/long.h:214:28: error: conversion to ‘long int’ from ‘long unsigned int’ may change the sign of the result [-Werror=sign-conversion]
  214 |         return RB_LONG2FIX(v);
      |                            ^
In file included from /usr/include/ruby-3.0.0/ruby/internal/arithmetic.h:36,
                 from /usr/include/ruby-3.0.0/ruby/ruby.h:25,
                 from /usr/include/ruby-3.0.0/ruby.h:38,
                 from conftest.c:1:
/usr/include/ruby-3.0.0/ruby/internal/arithmetic/st_data_t.h: In function ‘RB_ST2FIX’:
/usr/include/ruby-3.0.0/ruby/internal/arithmetic/st_data_t.h:45:22: error: conversion to ‘long int’ from ‘st_data_t’ {aka ‘long unsigned int’} may change the sign of the result [-Werror=sign-conversion]
   45 |     SIGNED_VALUE x = i;
      |                      ^
/usr/include/ruby-3.0.0/ruby/internal/arithmetic/st_data_t.h:56:24: error: conversion to ‘long int’ from ‘long unsigned int’ may change the sign of the result [-Werror=sign-conversion]
   56 |     return RB_LONG2FIX(y);
      |                        ^
In file included from /usr/include/ruby-3.0.0/ruby/ruby.h:39,
                 from /usr/include/ruby-3.0.0/ruby.h:38,
                 from conftest.c:1:
/usr/include/ruby-3.0.0/ruby/internal/memory.h: In function ‘rb_alloc_tmp_buffer2’:
/usr/include/ruby-3.0.0/ruby/internal/memory.h:253:56: error: conversion to ‘size_t’ {aka ‘long unsigned int’} from ‘long int’ may change the sign of the result [-Werror=sign-conversion]
  253 |     const size_t total_size = rbimpl_size_mul_or_raise(count, elsize);
      |                                                        ^~~~~
cc1: all warnings being treated as errors
checked program was:
/* begin */
1: #include "ruby.h"
2: 
3: int main(int argc, char **argv)
4: {
5:   return !!argv[argc];
6: }
/* end */

--------------------

have_library: checking for gzdopen() in -lz... -------------------- yes

"x86_64-linux-gnu-gcc -o conftest -I/usr/include/x86_64-linux-gnu/ruby-3.0.0 -I/usr/include/ruby-3.0.0/ruby/backward -I/usr/include/ruby-3.0.0 -I. -Wdate-time -D_FORTIFY_SOURCE=2   -g -O2 -ffile-prefix-map=/build/ruby3.0-nmh0qa/ruby3.0-3.0.2=. -fstack-protector-strong -Wformat -Werror=format-security -fPIC -std=c99 -Wno-declaration-after-statement -O2 -g -Winline -Wmissing-noreturn conftest.c  -L. -L/usr/lib/x86_64-linux-gnu -L. -Wl,-Bsymbolic-functions -Wl,-z,relro -Wl,-z,now -fstack-protector-strong -rdynamic -Wl,-export-dynamic     -lruby-3.0 -lz  -lm   -lc"
checked program was:
/* begin */
 1: #include "ruby.h"
 2: 
 3: #include <zlib.h>
 4: 
 5: /*top*/
 6: extern int t(void);
 7: int main(int argc, char **argv)
 8: {
 9:   if (argc > 1000000) {
10:     int (* volatile tp)(void)=(int (*)(void))&t;
11:     printf("%d", (*tp)());
12:   }
13: 
14:   return !!argv[argc];
15: }
16: int t(void) { void ((*volatile p)()); p = (void ((*)()))gzdopen; return !p; }
/* end */

--------------------

have_library: checking for xmlParseDoc() in -lxml2... -------------------- no

"x86_64-linux-gnu-gcc -o conftest -I/usr/include/x86_64-linux-gnu/ruby-3.0.0 -I/usr/include/ruby-3.0.0/ruby/backward -I/usr/include/ruby-3.0.0 -I. -Wdate-time -D_FORTIFY_SOURCE=2   -g -O2 -ffile-prefix-map=/build/ruby3.0-nmh0qa/ruby3.0-3.0.2=. -fstack-protector-strong -Wformat -Werror=format-security -fPIC -std=c99 -Wno-declaration-after-statement -O2 -g -Winline -Wmissing-noreturn conftest.c  -L. -L/usr/lib/x86_64-linux-gnu -L. -Wl,-Bsymbolic-functions -Wl,-z,relro -Wl,-z,now -fstack-protector-strong -rdynamic -Wl,-export-dynamic    -lz  -lruby-3.0 -lxml2 -lz  -lm   -lc"
conftest.c:3:10: fatal error: libxml/parser.h: No such file or directory
    3 | #include <libxml/parser.h>
      |          ^~~~~~~~~~~~~~~~~
compilation terminated.
checked program was:
/* begin */
 1: #include "ruby.h"
 2: 
 3: #include <libxml/parser.h>
 4: 
 5: /*top*/
 6: extern int t(void);
 7: int main(int argc, char **argv)
 8: {
 9:   if (argc > 1000000) {
10:     int (* volatile tp)(void)=(int (*)(void))&t;
11:     printf("%d", (*tp)());
12:   }
13: 
14:   return !!argv[argc];
15: }
16: int t(void) { void ((*volatile p)()); p = (void ((*)()))xmlParseDoc; return !p; }
/* end */

"x86_64-linux-gnu-gcc -o conftest -I/usr/include/x86_64-linux-gnu/ruby-3.0.0 -I/usr/include/ruby-3.0.0/ruby/backward -I/usr/include/ruby-3.0.0 -I. -Wdate-time -D_FORTIFY_SOURCE=2   -g -O2 -ffile-prefix-map=/build/ruby3.0-nmh0qa/ruby3.0-3.0.2=. -fstack-protector-strong -Wformat -Werror=format-security -fPIC -std=c99 -Wno-declaration-after-statement -O2 -g -Winline -Wmissing-noreturn conftest.c  -L. -L/usr/lib/x86_64-linux-gnu -L. -Wl,-Bsymbolic-functions -Wl,-z,relro -Wl,-z,now -fstack-protector-strong -rdynamic -Wl,-export-dynamic    -lz  -lruby-3.0 -lxml2 -lz  -lm   -lc"
conftest.c:3:10: fatal error: libxml/parser.h: No such file or directory
    3 | #include <libxml/parser.h>
      |          ^~~~~~~~~~~~~~~~~
compilation terminated.
checked program was:
/* begin */
 1: #include "ruby.h"
 2: 
 3: #include <libxml/parser.h>
 4: 
 5: /*top*/
 6: extern int t(void);
 7: int main(int argc, char **argv)
 8: {
 9:   if (argc > 1000000) {
10:     int (* volatile tp)(void)=(int (*)(void))&t;
11:     printf("%d", (*tp)());
12:   }
13: 
14:   return !!argv[argc];
15: }
16: extern void xmlParseDoc();
17: int t(void) { xmlParseDoc(); return 0; }
/* end */

--------------------

have_library: checking for xmlParseDoc() in -llibxml2... -------------------- no

"x86_64-linux-gnu-gcc -o conftest -I/usr/include/x86_64-linux-gnu/ruby-3.0.0 -I/usr/include/ruby-3.0.0/ruby/backward -I/usr/include/ruby-3.0.0 -I. -Wdate-time -D_FORTIFY_SOURCE=2   -g -O2 -ffile-prefix-map=/build/ruby3.0-nmh0qa/ruby3.0-3.0.2=. -fstack-protector-strong -Wformat -Werror=format-security -fPIC -std=c99 -Wno-declaration-after-statement -O2 -g -Winline -Wmissing-noreturn conftest.c  -L. -L/usr/lib/x86_64-linux-gnu -L. -Wl,-Bsymbolic-functions -Wl,-z,relro -Wl,-z,now -fstack-protector-strong -rdynamic -Wl,-export-dynamic    -lz  -lruby-3.0 -llibxml2 -lz  -lm   -lc"
conftest.c:3:10: fatal error: libxml/parser.h: No such file or directory
    3 | #include <libxml/parser.h>
      |          ^~~~~~~~~~~~~~~~~
compilation terminated.
checked program was:
/* begin */
 1: #include "ruby.h"
 2: 
 3: #include <libxml/parser.h>
 4: 
 5: /*top*/
 6: extern int t(void);
 7: int main(int argc, char **argv)
 8: {
 9:   if (argc > 1000000) {
10:     int (* volatile tp)(void)=(int (*)(void))&t;
11:     printf("%d", (*tp)());
12:   }
13: 
14:   return !!argv[argc];
15: }
16: int t(void) { void ((*volatile p)()); p = (void ((*)()))xmlParseDoc; return !p; }
/* end */

"x86_64-linux-gnu-gcc -o conftest -I/usr/include/x86_64-linux-gnu/ruby-3.0.0 -I/usr/include/ruby-3.0.0/ruby/backward -I/usr/include/ruby-3.0.0 -I. -Wdate-time -D_FORTIFY_SOURCE=2   -g -O2 -ffile-prefix-map=/build/ruby3.0-nmh0qa/ruby3.0-3.0.2=. -fstack-protector-strong -Wformat -Werror=format-security -fPIC -std=c99 -Wno-declaration-after-statement -O2 -g -Winline -Wmissing-noreturn conftest.c  -L. -L/usr/lib/x86_64-linux-gnu -L. -Wl,-Bsymbolic-functions -Wl,-z,relro -Wl,-z,now -fstack-protector-strong -rdynamic -Wl,-export-dynamic    -lz  -lruby-3.0 -llibxml2 -lz  -lm   -lc"
conftest.c:3:10: fatal error: libxml/parser.h: No such file or directory
    3 | #include <libxml/parser.h>
      |          ^~~~~~~~~~~~~~~~~
compilation terminated.
checked program was:
/* begin */
 1: #include "ruby.h"
 2: 
 3: #include <libxml/parser.h>
 4: 
 5: /*top*/
 6: extern int t(void);
 7: int main(int argc, char **argv)
 8: {
 9:   if (argc > 1000000) {
10:     int (* volatile tp)(void)=(int (*)(void))&t;
11:     printf("%d", (*tp)());
12:   }
13: 
14:   return !!argv[argc];
15: }
16: extern void xmlParseDoc();
17: int t(void) { xmlParseDoc(); return 0; }
/* end */

--------------------

try_package_configuration: checking for libxml-2.0 using `pkg_config`... -------------------- yes: ["-I/usr/include/libxml2 ", "", "-lxml2"]

"pkg-config --exists libxml-2.0"
| pkg-config --libs libxml-2.0
=> "-lxml2\n"
"x86_64-linux-gnu-gcc -o conftest -I/usr/include/x86_64-linux-gnu/ruby-3.0.0 -I/usr/include/ruby-3.0.0/ruby/backward -I/usr/include/ruby-3.0.0 -I. -Wdate-time -D_FORTIFY_SOURCE=2   -g -O2 -ffile-prefix-map=/build/ruby3.0-nmh0qa/ruby3.0-3.0.2=. -fstack-protector-strong -Wformat -Werror=format-security -fPIC -std=c99 -Wno-declaration-after-statement -O2 -g -Winline -Wmissing-noreturn conftest.c  -L. -L/usr/lib/x86_64-linux-gnu -L. -Wl,-Bsymbolic-functions -Wl,-z,relro -Wl,-z,now -fstack-protector-strong -rdynamic -Wl,-export-dynamic    -lz  -lruby-3.0 -lxml2 -lm   -lc"
checked program was:
/* begin */
1: #include "ruby.h"
2: 
3: int main(int argc, char **argv)
4: {
5:   return !!argv[argc];
6: }
/* end */

| pkg-config --cflags-only-I libxml-2.0
=> "-I/usr/include/libxml2\n"
| pkg-config --cflags-only-other libxml-2.0
=> "\n"
| pkg-config --libs-only-l libxml-2.0
=> "-lxml2\n"
package configuration for libxml-2.0
incflags: -I/usr/include/libxml2
cflags: 
ldflags: 
libs: -lxml2

--------------------

have_library: checking for xmlParseDoc() in -lxml2... -------------------- yes

"x86_64-linux-gnu-gcc -o conftest -I/usr/include/x86_64-linux-gnu/ruby-3.0.0 -I/usr/include/ruby-3.0.0/ruby/backward -I/usr/include/ruby-3.0.0 -I. -I/usr/include/libxml2 -Wdate-time -D_FORTIFY_SOURCE=2   -g -O2 -ffile-prefix-map=/build/ruby3.0-nmh0qa/ruby3.0-3.0.2=. -fstack-protector-strong -Wformat -Werror=format-security -fPIC -std=c99 -Wno-declaration-after-statement -O2 -g -Winline -Wmissing-noreturn  conftest.c  -L. -L/usr/lib/x86_64-linux-gnu -L. -Wl,-Bsymbolic-functions -Wl,-z,relro -Wl,-z,now -fstack-protector-strong -rdynamic -Wl,-export-dynamic     -lz  -lxml2 -lruby-3.0 -lxml2 -lz  -lxml2 -lm   -lc"
checked program was:
/* begin */
 1: #include "ruby.h"
 2: 
 3: #include <libxml/parser.h>
 4: 
 5: /*top*/
 6: extern int t(void);
 7: int main(int argc, char **argv)
 8: {
 9:   if (argc > 1000000) {
10:     int (* volatile tp)(void)=(int (*)(void))&t;
11:     printf("%d", (*tp)());
12:   }
13: 
14:   return !!argv[argc];
15: }
16: int t(void) { void ((*volatile p)()); p = (void ((*)()))xmlParseDoc; return !p; }
/* end */

--------------------

have_library: checking for xsltParseStylesheetDoc() in -lxslt... -------------------- yes

"x86_64-linux-gnu-gcc -o conftest -I/usr/include/x86_64-linux-gnu/ruby-3.0.0 -I/usr/include/ruby-3.0.0/ruby/backward -I/usr/include/ruby-3.0.0 -I. -I/usr/include/libxml2 -Wdate-time -D_FORTIFY_SOURCE=2   -g -O2 -ffile-prefix-map=/build/ruby3.0-nmh0qa/ruby3.0-3.0.2=. -fstack-protector-strong -Wformat -Werror=format-security -fPIC -std=c99 -Wno-declaration-after-statement -O2 -g -Winline -Wmissing-noreturn  conftest.c  -L. -L/usr/lib/x86_64-linux-gnu -L. -Wl,-Bsymbolic-functions -Wl,-z,relro -Wl,-z,now -fstack-protector-strong -rdynamic -Wl,-export-dynamic     -lxml2 -lz  -lxml2 -lruby-3.0 -lxslt -lxml2 -lz  -lxml2 -lm   -lc"
conftest.c: In function ‘t’:
conftest.c:16:57: error: ‘xsltParseStylesheetDoc’ undeclared (first use in this function)
   16 | int t(void) { void ((*volatile p)()); p = (void ((*)()))xsltParseStylesheetDoc; return !p; }
      |                                                         ^~~~~~~~~~~~~~~~~~~~~~
conftest.c:16:57: note: each undeclared identifier is reported only once for each function it appears in
checked program was:
/* begin */
 1: #include "ruby.h"
 2: 
 3: #include <libxslt/xslt.h>
 4: 
 5: /*top*/
 6: extern int t(void);
 7: int main(int argc, char **argv)
 8: {
 9:   if (argc > 1000000) {
10:     int (* volatile tp)(void)=(int (*)(void))&t;
11:     printf("%d", (*tp)());
12:   }
13: 
14:   return !!argv[argc];
15: }
16: int t(void) { void ((*volatile p)()); p = (void ((*)()))xsltParseStylesheetDoc; return !p; }
/* end */

"x86_64-linux-gnu-gcc -o conftest -I/usr/include/x86_64-linux-gnu/ruby-3.0.0 -I/usr/include/ruby-3.0.0/ruby/backward -I/usr/include/ruby-3.0.0 -I. -I/usr/include/libxml2 -Wdate-time -D_FORTIFY_SOURCE=2   -g -O2 -ffile-prefix-map=/build/ruby3.0-nmh0qa/ruby3.0-3.0.2=. -fstack-protector-strong -Wformat -Werror=format-security -fPIC -std=c99 -Wno-declaration-after-statement -O2 -g -Winline -Wmissing-noreturn  conftest.c  -L. -L/usr/lib/x86_64-linux-gnu -L. -Wl,-Bsymbolic-functions -Wl,-z,relro -Wl,-z,now -fstack-protector-strong -rdynamic -Wl,-export-dynamic     -lxml2 -lz  -lxml2 -lruby-3.0 -lxslt -lxml2 -lz  -lxml2 -lm   -lc"
checked program was:
/* begin */
 1: #include "ruby.h"
 2: 
 3: #include <libxslt/xslt.h>
 4: 
 5: /*top*/
 6: extern int t(void);
 7: int main(int argc, char **argv)
 8: {
 9:   if (argc > 1000000) {
10:     int (* volatile tp)(void)=(int (*)(void))&t;
11:     printf("%d", (*tp)());
12:   }
13: 
14:   return !!argv[argc];
15: }
16: extern void xsltParseStylesheetDoc();
17: int t(void) { xsltParseStylesheetDoc(); return 0; }
/* end */

--------------------

have_library: checking for exsltFuncRegister() in -lexslt... -------------------- yes

"x86_64-linux-gnu-gcc -o conftest -I/usr/include/x86_64-linux-gnu/ruby-3.0.0 -I/usr/include/ruby-3.0.0/ruby/backward -I/usr/include/ruby-3.0.0 -I. -I/usr/include/libxml2 -Wdate-time -D_FORTIFY_SOURCE=2   -g -O2 -ffile-prefix-map=/build/ruby3.0-nmh0qa/ruby3.0-3.0.2=. -fstack-protector-strong -Wformat -Werror=format-security -fPIC -std=c99 -Wno-declaration-after-statement -O2 -g -Winline -Wmissing-noreturn  conftest.c  -L. -L/usr/lib/x86_64-linux-gnu -L. -Wl,-Bsymbolic-functions -Wl,-z,relro -Wl,-z,now -fstack-protector-strong -rdynamic -Wl,-export-dynamic     -lxslt -lxml2 -lz  -lxml2 -lruby-3.0 -lexslt -lxslt -lxml2 -lz  -lxml2 -lm   -lc"
checked program was:
/* begin */
 1: #include "ruby.h"
 2: 
 3: #include <libexslt/exslt.h>
 4: 
 5: /*top*/
 6: extern int t(void);
 7: int main(int argc, char **argv)
 8: {
 9:   if (argc > 1000000) {
10:     int (* volatile tp)(void)=(int (*)(void))&t;
11:     printf("%d", (*tp)());
12:   }
13: 
14:   return !!argv[argc];
15: }
16: int t(void) { void ((*volatile p)()); p = (void ((*)()))exsltFuncRegister; return !p; }
/* end */

--------------------

"x86_64-linux-gnu-gcc -E -I/usr/include/x86_64-linux-gnu/ruby-3.0.0 -I/usr/include/ruby-3.0.0/ruby/backward -I/usr/include/ruby-3.0.0 -I. -I/usr/include/libxml2 -Wdate-time -D_FORTIFY_SOURCE=2   -g -O2 -ffile-prefix-map=/build/ruby3.0-nmh0qa/ruby3.0-3.0.2=. -fstack-protector-strong -Wformat -Werror=format-security -fPIC -std=c99 -Wno-declaration-after-statement -O2 -g -Winline -Wmissing-noreturn   conftest.c -o conftest.i"
checked program was:
/* begin */
1: #include "ruby.h"
2: 
3: #include <libxml/xmlversion.h>
4: #if LIBXML_VERSION < 20902
5: #  error libxml2 is older than 2.9.2
6: #endif
/* end */

"x86_64-linux-gnu-gcc -E -I/usr/include/x86_64-linux-gnu/ruby-3.0.0 -I/usr/include/ruby-3.0.0/ruby/backward -I/usr/include/ruby-3.0.0 -I. -I/usr/include/libxml2 -Wdate-time -D_FORTIFY_SOURCE=2   -g -O2 -ffile-prefix-map=/build/ruby3.0-nmh0qa/ruby3.0-3.0.2=. -fstack-protector-strong -Wformat -Werror=format-security -fPIC -std=c99 -Wno-declaration-after-statement -O2 -g -Winline -Wmissing-noreturn   conftest.c -o conftest.i"
conftest.c:5:4: error: #error libxml2 is older than 2.12.0
    5 | #  error libxml2 is older than 2.12.0
      |    ^~~~~
checked program was:
/* begin */
1: #include "ruby.h"
2: 
3: #include <libxml/xmlversion.h>
4: #if LIBXML_VERSION < 21200
5: #  error libxml2 is older than 2.12.0
6: #endif
/* end */

block in append_cppflags: checking for whether -I/home/r15/Desktop/personal website/Shuijing725.github.io/vendor/bundle/ruby/3.0.0/gems/nokogiri-1.17.2/ext/nokogiri/ports/x86_64-linux-gnu/libgumbo/1.0.0-nokogiri/include is accepted as CPPFLAGS... -------------------- no

"x86_64-linux-gnu-gcc -E -I/usr/include/x86_64-linux-gnu/ruby-3.0.0 -I/usr/include/ruby-3.0.0/ruby/backward -I/usr/include/ruby-3.0.0 -I. -I/usr/include/libxml2 -Wdate-time -D_FORTIFY_SOURCE=2   -g -O2 -ffile-prefix-map=/build/ruby3.0-nmh0qa/ruby3.0-3.0.2=. -fstack-protector-strong -Wformat -Werror=format-security -fPIC -std=c99 -Wno-declaration-after-statement -O2 -g -Winline -Wmissing-noreturn  -I/home/r15/Desktop/personal website/Shuijing725.github.io/vendor/bundle/ruby/3.0.0/gems/nokogiri-1.17.2/ext/nokogiri/ports/x86_64-linux-gnu/libgumbo/1.0.0-nokogiri/include conftest.c -o conftest.i"
x86_64-linux-gnu-gcc: warning: website/Shuijing725.github.io/vendor/bundle/ruby/3.0.0/gems/nokogiri-1.17.2/ext/nokogiri/ports/x86_64-linux-gnu/libgumbo/1.0.0-nokogiri/include: linker input file unused because linking not done
x86_64-linux-gnu-gcc: error: website/Shuijing725.github.io/vendor/bundle/ruby/3.0.0/gems/nokogiri-1.17.2/ext/nokogiri/ports/x86_64-linux-gnu/libgumbo/1.0.0-nokogiri/include: linker input file not found: No such file or directory
checked program was:
/* begin */
1: #include "ruby.h"
2: 
3: int main(int argc, char **argv)
4: {
5:   return !!argv[argc];
6: }
/* end */

--------------------

have_func: checking for gumbo_parse_with_options() in nokogiri_gumbo.h... -------------------- no

"x86_64-linux-gnu-gcc -o conftest -I/usr/include/x86_64-linux-gnu/ruby-3.0.0 -I/usr/include/ruby-3.0.0/ruby/backward -I/usr/include/ruby-3.0.0 -I. -I/usr/include/libxml2 -Wdate-time -D_FORTIFY_SOURCE=2   -g -O2 -ffile-prefix-map=/build/ruby3.0-nmh0qa/ruby3.0-3.0.2=. -fstack-protector-strong -Wformat -Werror=format-security -fPIC -std=c99 -Wno-declaration-after-statement -O2 -g -Winline -Wmissing-noreturn  conftest.c  -L. -L/usr/lib/x86_64-linux-gnu -L"/home/r15/Desktop/personal website/Shuijing725.github.io/vendor/bundle/ruby/3.0.0/gems/nokogiri-1.17.2/ext/nokogiri/ports/x86_64-linux-gnu/libgumbo/1.0.0-nokogiri/lib" -L. -Wl,-Bsymbolic-functions -Wl,-z,relro -Wl,-z,now -fstack-protector-strong -rdynamic -Wl,-export-dynamic     -lexslt -lxslt -lxml2 -lz  -lxml2 /home/r15/Desktop/personal website/Shuijing725.github.io/vendor/bundle/ruby/3.0.0/gems/nokogiri-1.17.2/ext/nokogiri/ports/x86_64-linux-gnu/libgumbo/1.0.0-nokogiri/lib/libgumbo.a -lruby-3.0 -lexslt -lxslt -lxml2 -lz  -lxml2 /home/r15/Desktop/personal website/Shuijing725.github.io/vendor/bundle/ruby/3.0.0/gems/nokogiri-1.17.2/ext/nokogiri/ports/x86_64-linux-gnu/libgumbo/1.0.0-nokogiri/lib/libgumbo.a -lm   -lc"
/usr/bin/ld: cannot find /home/r15/Desktop/personal: No such file or directory
/usr/bin/ld: cannot find website/Shuijing725.github.io/vendor/bundle/ruby/3.0.0/gems/nokogiri-1.17.2/ext/nokogiri/ports/x86_64-linux-gnu/libgumbo/1.0.0-nokogiri/lib/libgumbo.a: No such file or directory
/usr/bin/ld: cannot find /home/r15/Desktop/personal: No such file or directory
/usr/bin/ld: cannot find website/Shuijing725.github.io/vendor/bundle/ruby/3.0.0/gems/nokogiri-1.17.2/ext/nokogiri/ports/x86_64-linux-gnu/libgumbo/1.0.0-nokogiri/lib/libgumbo.a: No such file or directory
collect2: error: ld returned 1 exit status
checked program was:
/* begin */
 1: #include "ruby.h"
 2: 
 3: #include <nokogiri_gumbo.h>
 4: 
 5: /*top*/
 6: extern int t(void);
 7: int main(int argc, char **argv)
 8: {
 9:   if (argc > 1000000) {
10:     int (* volatile tp)(void)=(int (*)(void))&t;
11:     printf("%d", (*tp)());
12:   }
13: 
14:   return !!argv[argc];
15: }
16: int t(void) { void ((*volatile p)()); p = (void ((*)()))gumbo_parse_with_options; return !p; }
/* end */

"x86_64-linux-gnu-gcc -o conftest -I/usr/include/x86_64-linux-gnu/ruby-3.0.0 -I/usr/include/ruby-3.0.0/ruby/backward -I/usr/include/ruby-3.0.0 -I. -I/usr/include/libxml2 -Wdate-time -D_FORTIFY_SOURCE=2   -g -O2 -ffile-prefix-map=/build/ruby3.0-nmh0qa/ruby3.0-3.0.2=. -fstack-protector-strong -Wformat -Werror=format-security -fPIC -std=c99 -Wno-declaration-after-statement -O2 -g -Winline -Wmissing-noreturn  conftest.c  -L. -L/usr/lib/x86_64-linux-gnu -L"/home/r15/Desktop/personal website/Shuijing725.github.io/vendor/bundle/ruby/3.0.0/gems/nokogiri-1.17.2/ext/nokogiri/ports/x86_64-linux-gnu/libgumbo/1.0.0-nokogiri/lib" -L. -Wl,-Bsymbolic-functions -Wl,-z,relro -Wl,-z,now -fstack-protector-strong -rdynamic -Wl,-export-dynamic     -lexslt -lxslt -lxml2 -lz  -lxml2 /home/r15/Desktop/personal website/Shuijing725.github.io/vendor/bundle/ruby/3.0.0/gems/nokogiri-1.17.2/ext/nokogiri/ports/x86_64-linux-gnu/libgumbo/1.0.0-nokogiri/lib/libgumbo.a -lruby-3.0 -lexslt -lxslt -lxml2 -lz  -lxml2 /home/r15/Desktop/personal website/Shuijing725.github.io/vendor/bundle/ruby/3.0.0/gems/nokogiri-1.17.2/ext/nokogiri/ports/x86_64-linux-gnu/libgumbo/1.0.0-nokogiri/lib/libgumbo.a -lm   -lc"
conftest.c:16:13: error: conflicting types for ‘gumbo_parse_with_options’; have ‘void()’
   16 | extern void gumbo_parse_with_options();
      |             ^~~~~~~~~~~~~~~~~~~~~~~~
In file included from conftest.c:3:
/home/r15/Desktop/personal website/Shuijing725.github.io/vendor/bundle/ruby/3.0.0/gems/nokogiri-1.17.2/ext/nokogiri/ports/x86_64-linux-gnu/libgumbo/1.0.0-nokogiri/include/nokogiri_gumbo.h:880:14: note: previous declaration of ‘gumbo_parse_with_options’ with type ‘GumboOutput *(const GumboOptions *, const char *, size_t)’ {aka ‘struct GumboInternalOutput *(const struct GumboInternalOptions *, const char *, long unsigned int)’}
  880 | GumboOutput* gumbo_parse_with_options (
      |              ^~~~~~~~~~~~~~~~~~~~~~~~
checked program was:
/* begin */
 1: #include "ruby.h"
 2: 
 3: #include <nokogiri_gumbo.h>
 4: 
 5: /*top*/
 6: extern int t(void);
 7: int main(int argc, char **argv)
 8: {
 9:   if (argc > 1000000) {
10:     int (* volatile tp)(void)=(int (*)(void))&t;
11:     printf("%d", (*tp)());
12:   }
13: 
14:   return !!argv[argc];
15: }
16: extern void gumbo_parse_with_options();
17: int t(void) { gumbo_parse_with_options(); return 0; }
/* end */

--------------------

